<?xml version="1.0" encoding="UTF-8"?>
<coverage generated="1713357437667" clover="3.2.0">
  <project timestamp="1713357437667" name="All files">
    <metrics statements="35" coveredstatements="19" conditionals="5" coveredconditionals="1" methods="8" coveredmethods="5" elements="48" coveredelements="25" complexity="0" loc="35" ncloc="35" packages="2" files="3" classes="3"/>
    <package name="ts">
      <metrics statements="33" coveredstatements="17" conditionals="5" coveredconditionals="1" methods="7" coveredmethods="4"/>
      <file name="functions.ts" path="C:\Users\Lenovo\Desktop\Testning\test-unittest-assignment\src\ts\functions.ts">
        <metrics statements="11" coveredstatements="10" conditionals="2" coveredconditionals="1" methods="3" coveredmethods="3"/>
        <line num="2" count="3" type="stmt"/>
        <line num="4" count="3" type="stmt"/>
        <line num="5" count="2" type="cond" truecount="1" falsecount="1"/>
        <line num="6" count="2" type="stmt"/>
        <line num="7" count="2" type="stmt"/>
        <line num="8" count="2" type="stmt"/>
        <line num="10" count="0" type="stmt"/>
        <line num="14" count="3" type="stmt"/>
        <line num="15" count="1" type="stmt"/>
        <line num="18" count="3" type="stmt"/>
        <line num="19" count="1" type="stmt"/>
      </file>
      <file name="htmlFunctions.ts" path="C:\Users\Lenovo\Desktop\Testning\test-unittest-assignment\src\ts\htmlFunctions.ts">
        <metrics statements="22" coveredstatements="7" conditionals="3" coveredconditionals="0" methods="4" coveredmethods="1"/>
        <line num="1" count="1" type="stmt"/>
        <line num="4" count="1" type="stmt"/>
        <line num="5" count="1" type="stmt"/>
        <line num="7" count="1" type="stmt"/>
        <line num="11" count="1" type="stmt"/>
        <line num="13" count="1" type="stmt"/>
        <line num="14" count="0" type="stmt"/>
        <line num="16" count="0" type="cond" truecount="0" falsecount="1"/>
        <line num="17" count="0" type="stmt"/>
        <line num="20" count="0" type="stmt"/>
        <line num="21" count="0" type="stmt"/>
        <line num="22" count="0" type="stmt"/>
        <line num="23" count="0" type="stmt"/>
        <line num="26" count="0" type="stmt"/>
        <line num="31" count="0" type="stmt"/>
        <line num="32" count="0" type="stmt"/>
        <line num="35" count="1" type="stmt"/>
        <line num="36" count="0" type="stmt"/>
        <line num="40" count="0" type="stmt"/>
        <line num="42" count="0" type="cond" truecount="0" falsecount="2"/>
        <line num="43" count="0" type="stmt"/>
        <line num="45" count="0" type="stmt"/>
      </file>
    </package>
    <package name="ts.models">
      <metrics statements="2" coveredstatements="2" conditionals="0" coveredconditionals="0" methods="1" coveredmethods="1"/>
      <file name="todo.ts" path="C:\Users\Lenovo\Desktop\Testning\test-unittest-assignment\src\ts\models\todo.ts">
        <metrics statements="2" coveredstatements="2" conditionals="0" coveredconditionals="0" methods="1" coveredmethods="1"/>
        <line num="1" count="3" type="stmt"/>
        <line num="2" count="2" type="stmt"/>
      </file>
    </package>
  </project>
</coverage>
