TN:
SF:src\ts\functions.ts
FN:4,addTodo
FN:14,changeTodo
FN:18,removeAllTodos
FNF:3
FNH:3
FNDA:2,addTodo
FNDA:1,changeTodo
FNDA:1,removeAllTodos
DA:2,3
DA:4,3
DA:5,2
DA:6,2
DA:7,2
DA:8,2
DA:10,0
DA:14,3
DA:15,1
DA:18,3
DA:19,1
LF:11
LH:10
BRDA:5,0,0,2
BRDA:5,0,1,0
BRF:2
BRH:1
end_of_record
TN:
SF:src\ts\htmlFunctions.ts
FN:4,createHtml
FN:22,(anonymous_1)
FN:30,toggleTodo
FN:35,displayError
FNF:4
FNH:1
FNDA:1,createHtml
FNDA:0,(anonymous_1)
FNDA:0,toggleTodo
FNDA:0,displayError
DA:1,1
DA:4,1
DA:5,1
DA:7,1
DA:11,1
DA:13,1
DA:14,0
DA:16,0
DA:17,0
DA:20,0
DA:21,0
DA:22,0
DA:23,0
DA:26,0
DA:31,0
DA:32,0
DA:35,1
DA:36,0
DA:40,0
DA:42,0
DA:43,0
DA:45,0
LF:22
LH:7
BRDA:16,0,0,0
BRDA:42,1,0,0
BRDA:42,1,1,0
BRF:3
BRH:0
end_of_record
TN:
SF:src\ts\models\todo.ts
FN:2,(anonymous_0)
FNF:1
FNH:1
FNDA:2,(anonymous_0)
DA:1,3
DA:2,2
LF:2
LH:2
BRF:0
BRH:0
end_of_record
