TN:
SF:src\ts\functions.ts
FN:4,addTodo
FN:14,changeTodo
FN:18,removeAllTodos
FNF:3
FNH:3
FNDA:2,addTodo
FNDA:1,changeTodo
FNDA:1,removeAllTodos
DA:2,3
DA:4,3
DA:5,2
DA:6,2
DA:7,2
DA:8,2
DA:10,0
DA:14,3
DA:15,1
DA:18,3
DA:19,1
LF:11
LH:10
BRDA:5,0,0,2
BRDA:5,0,1,0
BRF:2
BRH:1
end_of_record
TN:
SF:src\ts\htmlFunctions.ts
FN:4,createHtml
FN:22,(anonymous_1)
FN:30,toggleTodo
FN:35,displayError
FNF:4
FNH:2
FNDA:2,createHtml
FNDA:0,(anonymous_1)
FNDA:0,toggleTodo
FNDA:1,displayError
DA:1,2
DA:4,2
DA:5,2
DA:7,2
DA:11,2
DA:13,2
DA:14,0
DA:16,0
DA:17,0
DA:20,0
DA:21,0
DA:22,0
DA:23,0
DA:26,0
DA:31,0
DA:32,0
DA:35,2
DA:36,1
DA:40,1
DA:42,1
DA:43,1
DA:45,0
LF:22
LH:11
BRDA:16,0,0,0
BRDA:42,1,0,1
BRDA:42,1,1,0
BRF:3
BRH:1
end_of_record
TN:
SF:src\ts\main.ts
FN:8,(anonymous_0)
FN:14,(anonymous_1)
FN:25,createNewTodo
FN:35,clearTodos
FNF:4
FNH:1
FNDA:0,(anonymous_0)
FNDA:0,(anonymous_1)
FNDA:2,createNewTodo
FNDA:0,clearTodos
DA:1,1
DA:2,1
DA:3,1
DA:6,1
DA:8,1
DA:9,0
DA:12,1
DA:15,0
DA:18,0
DA:21,0
DA:25,1
DA:26,2
DA:28,2
DA:29,1
DA:31,1
DA:36,0
DA:37,0
LF:17
LH:11
BRDA:6,0,0,1
BRDA:6,0,1,1
BRDA:28,1,0,1
BRDA:28,1,1,1
BRF:4
BRH:4
end_of_record
TN:
SF:src\ts\models\todo.ts
FN:2,(anonymous_0)
FNF:1
FNH:1
FNDA:2,(anonymous_0)
DA:1,3
DA:2,2
LF:2
LH:2
BRF:0
BRH:0
end_of_record
